-----08-18-2017 @ 13:25:51 ------
schedule_cleanup_temp_users
-----08-18-2017 @ 13:25:51 ------
schedule_update_user_items
-----08-18-2017 @ 13:26:12 ------
schedule_cleanup_temp_users
-----08-18-2017 @ 13:26:12 ------
schedule_update_user_items
-----08-18-2017 @ 13:41:57 ------
schedule_update_user_items
-----08-18-2017 @ 13:46:05 ------
schedule_update_user_items
-----08-18-2017 @ 13:55:54 ------
schedule_update_user_items
-----08-18-2017 @ 13:56:00 ------
schedule_update_user_items
-----08-18-2017 @ 14:06:06 ------
schedule_update_user_items
-----08-18-2017 @ 14:16:55 ------
schedule_update_user_items
-----08-18-2017 @ 14:26:44 ------
schedule_update_user_items
-----08-18-2017 @ 14:37:17 ------
schedule_update_user_items
-----08-18-2017 @ 14:45:53 ------
schedule_update_user_items
-----08-18-2017 @ 14:56:21 ------
schedule_update_user_items
-----08-18-2017 @ 15:06:48 ------
schedule_update_user_items
-----08-18-2017 @ 15:16:48 ------
schedule_update_user_items
-----08-18-2017 @ 15:26:48 ------
schedule_update_user_items
-----08-18-2017 @ 15:36:48 ------
schedule_update_user_items
-----08-18-2017 @ 16:09:58 ------
schedule_update_user_items
-----08-18-2017 @ 16:15:53 ------
schedule_update_user_items
-----08-18-2017 @ 16:25:53 ------
schedule_update_user_items
-----08-18-2017 @ 16:35:53 ------
schedule_update_user_items
-----08-20-2017 @ 15:48:05 ------
schedule_update_user_items
-----08-20-2017 @ 15:56:05 ------
schedule_update_user_items
-----08-20-2017 @ 16:06:05 ------
schedule_update_user_items
-----08-20-2017 @ 16:16:05 ------
schedule_update_user_items
-----08-20-2017 @ 16:26:06 ------
schedule_update_user_items
-----08-20-2017 @ 16:36:06 ------
schedule_update_user_items
-----08-20-2017 @ 17:11:53 ------
schedule_update_user_items
-----08-20-2017 @ 17:15:54 ------
schedule_update_user_items
-----08-20-2017 @ 17:25:54 ------
schedule_update_user_items
-----08-20-2017 @ 17:35:54 ------
schedule_update_user_items
-----08-20-2017 @ 17:45:54 ------
schedule_update_user_items
-----08-20-2017 @ 17:55:54 ------
schedule_update_user_items
-----08-20-2017 @ 18:05:54 ------
schedule_update_user_items
-----08-20-2017 @ 18:33:53 ------
schedule_update_user_items
-----08-20-2017 @ 18:35:53 ------
schedule_update_user_items
-----08-20-2017 @ 18:45:53 ------
schedule_update_user_items
-----08-20-2017 @ 18:55:53 ------
schedule_update_user_items
-----08-20-2017 @ 19:05:53 ------
schedule_update_user_items
-----08-20-2017 @ 19:15:53 ------
schedule_update_user_items
-----08-21-2017 @ 08:51:35 ------
schedule_update_user_items
-----08-21-2017 @ 08:56:22 ------
schedule_update_user_items
-----08-21-2017 @ 08:58:23 ------
create_table
-----08-21-2017 @ 09:05:52 ------
schedule_update_user_items
-----08-21-2017 @ 09:15:55 ------
schedule_update_user_items
-----08-21-2017 @ 09:27:32 ------
schedule_update_user_items
-----08-21-2017 @ 09:35:52 ------
schedule_update_user_items
-----08-21-2017 @ 09:45:54 ------
schedule_update_user_items
-----08-21-2017 @ 09:49:00 ------
404: File D:\SOFTWARES\usbw\root\wp-content\plugins\learnpress\inc\class-lp-page-controller.php, line #407
-----08-21-2017 @ 09:56:09 ------
schedule_update_user_items
-----08-21-2017 @ 10:06:02 ------
schedule_update_user_items
-----08-21-2017 @ 10:16:02 ------
schedule_update_user_items
-----08-21-2017 @ 10:26:01 ------
schedule_update_user_items
-----08-21-2017 @ 10:35:51 ------
schedule_update_user_items
-----08-21-2017 @ 10:45:55 ------
schedule_update_user_items
-----08-21-2017 @ 10:55:52 ------
schedule_update_user_items
-----08-21-2017 @ 11:05:55 ------
schedule_update_user_items
-----08-21-2017 @ 11:16:13 ------
schedule_update_user_items
-----08-21-2017 @ 11:26:40 ------
schedule_update_user_items
-----08-21-2017 @ 12:00:52 ------
schedule_update_user_items
-----08-21-2017 @ 12:07:24 ------
schedule_update_user_items
-----08-21-2017 @ 12:15:53 ------
schedule_update_user_items
-----08-21-2017 @ 12:26:24 ------
schedule_update_user_items
-----08-21-2017 @ 12:38:21 ------
schedule_update_user_items
-----08-21-2017 @ 12:45:56 ------
schedule_update_user_items
-----08-21-2017 @ 12:57:32 ------
schedule_update_user_items
-----08-21-2017 @ 13:06:53 ------
schedule_update_user_items
-----08-21-2017 @ 13:16:57 ------
schedule_update_user_items
-----08-21-2017 @ 13:27:01 ------
schedule_update_user_items
-----08-21-2017 @ 13:37:06 ------
schedule_update_user_items
-----08-21-2017 @ 13:47:11 ------
schedule_update_user_items
-----08-21-2017 @ 13:57:16 ------
schedule_update_user_items
-----08-21-2017 @ 14:11:55 ------
schedule_update_user_items
-----08-21-2017 @ 14:15:57 ------
schedule_update_user_items
-----08-21-2017 @ 14:26:03 ------
schedule_update_user_items
-----08-21-2017 @ 14:36:07 ------
schedule_update_user_items
-----08-21-2017 @ 15:11:55 ------
schedule_update_user_items
-----08-21-2017 @ 15:15:58 ------
schedule_update_user_items
-----08-21-2017 @ 15:26:03 ------
schedule_update_user_items
-----08-21-2017 @ 15:36:08 ------
schedule_update_user_items
-----08-21-2017 @ 15:46:13 ------
schedule_update_user_items
-----08-21-2017 @ 15:56:18 ------
schedule_update_user_items
-----08-21-2017 @ 16:06:23 ------
schedule_update_user_items
-----08-22-2017 @ 07:36:13 ------
schedule_update_user_items
-----08-22-2017 @ 07:46:35 ------
schedule_update_user_items
