2017-08-18 18:48:43 18080 [Note] Plugin 'FEDERATED' is disabled.
2017-08-18 18:48:43 18080 [Note] InnoDB: The InnoDB memory heap is disabled
2017-08-18 18:48:43 18080 [Note] InnoDB: Mutexes and rw_locks use Windows interlocked functions
2017-08-18 18:48:43 18080 [Note] InnoDB: Compressed tables use zlib 1.2.3
2017-08-18 18:48:43 18080 [Note] InnoDB: Not using CPU crc32 instructions
2017-08-18 18:48:43 18080 [Note] InnoDB: Initializing buffer pool, size = 128.0M
2017-08-18 18:48:43 18080 [Note] InnoDB: Completed initialization of buffer pool
2017-08-18 18:48:43 18080 [Note] InnoDB: Setting log file D:\SOFTWARES\usbw\mysql\data\ib_logfile101 size to 5 MB
2017-08-18 18:48:43 18080 [Note] InnoDB: Setting log file D:\SOFTWARES\usbw\mysql\data\ib_logfile1 size to 5 MB
2017-08-18 18:48:43 18080 [Note] InnoDB: Renaming log file D:\SOFTWARES\usbw\mysql\data\ib_logfile101 to D:\SOFTWARES\usbw\mysql\data\ib_logfile0
2017-08-18 18:48:44 18080 [Warning] InnoDB: New log files created, LSN=1626134
2017-08-18 18:48:44 18080 [Note] InnoDB: Highest supported file format is Barracuda.
2017-08-18 18:48:44 18080 [Note] InnoDB: 128 rollback segment(s) are active.
2017-08-18 18:48:44 18080 [Note] InnoDB: Waiting for purge to start
2017-08-18 18:48:44 18080 [Note] InnoDB: 5.6.13 started; log sequence number 1626636
2017-08-18 18:48:44 18080 [Warning] No existing UUID has been found, so we assume that this is the first time that this server has been started. Generating a new UUID: c2a3a570-8417-11e7-b58b-b8ca3ab616e9.
2017-08-18 18:48:44 18080 [Note] Server hostname (bind-address): '*'; port: 3307
2017-08-18 18:48:44 18080 [Note] IPv6 is available.
2017-08-18 18:48:44 18080 [Note]   - '::' resolves to '::';
2017-08-18 18:48:44 18080 [Note] Server socket created on IP: '::'.
2017-08-18 18:48:44 18080 [Note] Event Scheduler: Loaded 0 events
2017-08-18 18:48:44 18080 [Note] D:\SOFTWARES\usbw/mysql/bin/mysqld_usbwv8.exe: ready for connections.
Version: '5.6.13'  socket: ''  port: 3307  MySQL Community Server (GPL)
2017-08-18 19:03:29 10424 [Note] Plugin 'FEDERATED' is disabled.
2017-08-18 19:03:29 10424 [Note] InnoDB: The InnoDB memory heap is disabled
2017-08-18 19:03:29 10424 [Note] InnoDB: Mutexes and rw_locks use Windows interlocked functions
2017-08-18 19:03:29 10424 [Note] InnoDB: Compressed tables use zlib 1.2.3
2017-08-18 19:03:29 10424 [Note] InnoDB: Not using CPU crc32 instructions
2017-08-18 19:03:29 10424 [Note] InnoDB: Initializing buffer pool, size = 128.0M
2017-08-18 19:03:29 10424 [Note] InnoDB: Completed initialization of buffer pool
2017-08-18 19:03:29 10424 [ERROR] InnoDB: D:\SOFTWARES\usbw\mysql\data\ibdata1 can't be opened in read-write mode
2017-08-18 19:03:29 10424 [ERROR] InnoDB: The system tablespace must be writable!
2017-08-18 19:03:29 10424 [ERROR] Plugin 'InnoDB' init function returned error.
2017-08-18 19:03:29 10424 [ERROR] Plugin 'InnoDB' registration as a STORAGE ENGINE failed.
2017-08-18 19:03:29 10424 [ERROR] Unknown/unsupported storage engine: InnoDB
2017-08-18 19:03:29 10424 [ERROR] Aborting

2017-08-18 19:03:29 10424 [Note] Binlog end
2017-08-18 19:03:29 10424 [Note] Shutting down plugin 'partition'
2017-08-18 19:03:29 10424 [Note] Shutting down plugin 'PERFORMANCE_SCHEMA'
2017-08-18 19:03:29 10424 [Note] Shutting down plugin 'INNODB_SYS_DATAFILES'
2017-08-18 19:03:29 10424 [Note] Shutting down plugin 'INNODB_SYS_TABLESPACES'
2017-08-18 19:03:29 10424 [Note] Shutting down plugin 'INNODB_SYS_FOREIGN_COLS'
2017-08-18 19:03:29 10424 [Note] Shutting down plugin 'INNODB_SYS_FOREIGN'
2017-08-18 19:03:29 10424 [Note] Shutting down plugin 'INNODB_SYS_FIELDS'
2017-08-18 19:03:29 10424 [Note] Shutting down plugin 'INNODB_SYS_COLUMNS'
2017-08-18 19:03:29 10424 [Note] Shutting down plugin 'INNODB_SYS_INDEXES'
2017-08-18 19:03:29 10424 [Note] Shutting down plugin 'INNODB_SYS_TABLESTATS'
2017-08-18 19:03:29 10424 [Note] Shutting down plugin 'INNODB_SYS_TABLES'
2017-08-18 19:03:29 10424 [Note] Shutting down plugin 'INNODB_FT_INDEX_TABLE'
2017-08-18 19:03:29 10424 [Note] Shutting down plugin 'INNODB_FT_INDEX_CACHE'
2017-08-18 19:03:29 10424 [Note] Shutting down plugin 'INNODB_FT_CONFIG'
2017-08-18 19:03:29 10424 [Note] Shutting down plugin 'INNODB_FT_BEING_DELETED'
2017-08-18 19:03:29 10424 [Note] Shutting down plugin 'INNODB_FT_DELETED'
2017-08-18 19:03:29 10424 [Note] Shutting down plugin 'INNODB_FT_DEFAULT_STOPWORD'
2017-08-18 19:03:29 10424 [Note] Shutting down plugin 'INNODB_METRICS'
2017-08-18 19:03:29 10424 [Note] Shutting down plugin 'INNODB_BUFFER_POOL_STATS'
2017-08-18 19:03:29 10424 [Note] Shutting down plugin 'INNODB_BUFFER_PAGE_LRU'
2017-08-18 19:03:29 10424 [Note] Shutting down plugin 'INNODB_BUFFER_PAGE'
2017-08-18 19:03:29 10424 [Note] Shutting down plugin 'INNODB_CMP_PER_INDEX_RESET'
2017-08-18 19:03:29 10424 [Note] Shutting down plugin 'INNODB_CMP_PER_INDEX'
2017-08-18 19:03:29 10424 [Note] Shutting down plugin 'INNODB_CMPMEM_RESET'
2017-08-18 19:03:29 10424 [Note] Shutting down plugin 'INNODB_CMPMEM'
2017-08-18 19:03:29 10424 [Note] Shutting down plugin 'INNODB_CMP_RESET'
2017-08-18 19:03:29 10424 [Note] Shutting down plugin 'INNODB_CMP'
2017-08-18 19:03:29 10424 [Note] Shutting down plugin 'INNODB_LOCK_WAITS'
2017-08-18 19:03:29 10424 [Note] Shutting down plugin 'INNODB_LOCKS'
2017-08-18 19:03:29 10424 [Note] Shutting down plugin 'INNODB_TRX'
2017-08-18 19:03:29 10424 [Note] Shutting down plugin 'BLACKHOLE'
2017-08-18 19:03:29 10424 [Note] Shutting down plugin 'ARCHIVE'
2017-08-18 19:03:29 10424 [Note] Shutting down plugin 'MRG_MYISAM'
2017-08-18 19:03:29 10424 [Note] Shutting down plugin 'MyISAM'
2017-08-18 19:03:29 10424 [Note] Shutting down plugin 'MEMORY'
2017-08-18 19:03:29 10424 [Note] Shutting down plugin 'CSV'
2017-08-18 19:03:29 10424 [Note] Shutting down plugin 'sha256_password'
2017-08-18 19:03:29 10424 [Note] Shutting down plugin 'mysql_old_password'
2017-08-18 19:03:29 10424 [Note] Shutting down plugin 'mysql_native_password'
2017-08-18 19:03:29 10424 [Note] Shutting down plugin 'binlog'
2017-08-18 19:03:29 10424 [Note] D:\SOFTWARES\usbw/mysql/bin/mysqld_usbwv8.exe: Shutdown complete

2017-08-18 19:10:40 6940 [Note] Plugin 'FEDERATED' is disabled.
2017-08-18 19:10:40 6940 [Note] InnoDB: The InnoDB memory heap is disabled
2017-08-18 19:10:40 6940 [Note] InnoDB: Mutexes and rw_locks use Windows interlocked functions
2017-08-18 19:10:40 6940 [Note] InnoDB: Compressed tables use zlib 1.2.3
2017-08-18 19:10:40 6940 [Note] InnoDB: Not using CPU crc32 instructions
2017-08-18 19:10:40 6940 [Note] InnoDB: Initializing buffer pool, size = 128.0M
2017-08-18 19:10:40 6940 [Note] InnoDB: Completed initialization of buffer pool
2017-08-18 19:10:40 6940 [Note] InnoDB: Highest supported file format is Barracuda.
2017-08-18 19:10:40 6940 [Note] InnoDB: The log sequence numbers 1626134 and 1626134 in ibdata files do not match the log sequence number 4430663 in the ib_logfiles!
2017-08-18 19:10:40 6940 [Note] InnoDB: Database was not shutdown normally!
2017-08-18 19:10:40 6940 [Note] InnoDB: Starting crash recovery.
2017-08-18 19:10:40 6940 [Note] InnoDB: Reading tablespace information from the .ibd files...
2017-08-18 19:10:42 6940 [Note] InnoDB: Restoring possible half-written data pages 
2017-08-18 19:10:42 6940 [Note] InnoDB: from the doublewrite buffer...
2017-08-18 19:10:45 6940 [Note] InnoDB: 128 rollback segment(s) are active.
2017-08-18 19:10:45 6940 [Note] InnoDB: Waiting for purge to start
2017-08-18 19:10:46 6940 [Note] InnoDB: 5.6.13 started; log sequence number 4430663
2017-08-18 19:10:46 6940 [Note] Server hostname (bind-address): '*'; port: 3307
2017-08-18 19:10:46 6940 [Note] IPv6 is available.
2017-08-18 19:10:46 6940 [Note]   - '::' resolves to '::';
2017-08-18 19:10:46 6940 [Note] Server socket created on IP: '::'.
2017-08-18 19:11:29 6940 [Note] Event Scheduler: Loaded 0 events
2017-08-18 19:11:29 6940 [Note] D:\SOFTWARES\usbw/mysql/bin/mysqld_usbwv8.exe: ready for connections.
Version: '5.6.13'  socket: ''  port: 3307  MySQL Community Server (GPL)
2017-08-18 19:25:13 5172 [Note] Plugin 'FEDERATED' is disabled.
2017-08-18 19:25:13 5172 [Note] InnoDB: The InnoDB memory heap is disabled
2017-08-18 19:25:13 5172 [Note] InnoDB: Mutexes and rw_locks use Windows interlocked functions
2017-08-18 19:25:13 5172 [Note] InnoDB: Compressed tables use zlib 1.2.3
2017-08-18 19:25:13 5172 [Note] InnoDB: Not using CPU crc32 instructions
2017-08-18 19:25:13 5172 [Note] InnoDB: Initializing buffer pool, size = 128.0M
2017-08-18 19:25:13 5172 [Note] InnoDB: Completed initialization of buffer pool
2017-08-18 19:25:13 5172 [Note] InnoDB: Highest supported file format is Barracuda.
2017-08-18 19:25:13 5172 [Note] InnoDB: The log sequence numbers 1626134 and 1626134 in ibdata files do not match the log sequence number 4602800 in the ib_logfiles!
2017-08-18 19:25:13 5172 [Note] InnoDB: Database was not shutdown normally!
2017-08-18 19:25:13 5172 [Note] InnoDB: Starting crash recovery.
2017-08-18 19:25:13 5172 [Note] InnoDB: Reading tablespace information from the .ibd files...
2017-08-18 19:25:14 5172 [Note] InnoDB: Restoring possible half-written data pages 
2017-08-18 19:25:14 5172 [Note] InnoDB: from the doublewrite buffer...
2017-08-18 19:25:21 5172 [Note] InnoDB: 128 rollback segment(s) are active.
2017-08-18 19:25:21 5172 [Note] InnoDB: Waiting for purge to start
2017-08-18 19:25:21 5172 [Note] InnoDB: 5.6.13 started; log sequence number 4602800
2017-08-18 19:25:21 5172 [Note] Server hostname (bind-address): '*'; port: 3307
2017-08-18 19:25:21 5172 [Note] IPv6 is available.
2017-08-18 19:25:21 5172 [Note]   - '::' resolves to '::';
2017-08-18 19:25:21 5172 [Note] Server socket created on IP: '::'.
2017-08-18 19:25:21 5172 [Note] Event Scheduler: Loaded 0 events
2017-08-18 19:25:21 5172 [Note] D:\SOFTWARES\usbw/mysql/bin/mysqld_usbwv8.exe: ready for connections.
Version: '5.6.13'  socket: ''  port: 3307  MySQL Community Server (GPL)
2017-08-21 15:48:57 5748 [Note] Plugin 'FEDERATED' is disabled.
2017-08-21 15:48:57 5748 [Note] InnoDB: The InnoDB memory heap is disabled
2017-08-21 15:48:57 5748 [Note] InnoDB: Mutexes and rw_locks use Windows interlocked functions
2017-08-21 15:48:57 5748 [Note] InnoDB: Compressed tables use zlib 1.2.3
2017-08-21 15:48:57 5748 [Note] InnoDB: Not using CPU crc32 instructions
2017-08-21 15:48:57 5748 [Note] InnoDB: Initializing buffer pool, size = 128.0M
2017-08-21 15:48:57 5748 [Note] InnoDB: Completed initialization of buffer pool
2017-08-21 15:48:57 5748 [Note] InnoDB: Highest supported file format is Barracuda.
2017-08-21 15:48:57 5748 [Note] InnoDB: The log sequence numbers 1626134 and 1626134 in ibdata files do not match the log sequence number 10784707 in the ib_logfiles!
2017-08-21 15:48:57 5748 [Note] InnoDB: Database was not shutdown normally!
2017-08-21 15:48:57 5748 [Note] InnoDB: Starting crash recovery.
2017-08-21 15:48:57 5748 [Note] InnoDB: Reading tablespace information from the .ibd files...
2017-08-21 15:48:58 5748 [Note] InnoDB: Restoring possible half-written data pages 
2017-08-21 15:48:58 5748 [Note] InnoDB: from the doublewrite buffer...
2017-08-21 15:48:59 5748 [Note] InnoDB: 128 rollback segment(s) are active.
2017-08-21 15:48:59 5748 [Note] InnoDB: Waiting for purge to start
2017-08-21 15:48:59 5748 [Note] InnoDB: 5.6.13 started; log sequence number 10784707
2017-08-21 15:48:59 5748 [Note] Server hostname (bind-address): '*'; port: 3307
2017-08-21 15:48:59 5748 [Note] IPv6 is available.
2017-08-21 15:48:59 5748 [Note]   - '::' resolves to '::';
2017-08-21 15:48:59 5748 [Note] Server socket created on IP: '::'.
2017-08-21 15:49:00 5748 [Note] Event Scheduler: Loaded 0 events
2017-08-21 15:49:00 5748 [Note] D:\SOFTWARES\usbw/mysql/bin/mysqld_usbwv8.exe: ready for connections.
Version: '5.6.13'  socket: ''  port: 3307  MySQL Community Server (GPL)
2017-08-21 16:51:06 1400 [Note] Plugin 'FEDERATED' is disabled.
2017-08-21 16:51:06 1400 [Note] InnoDB: The InnoDB memory heap is disabled
2017-08-21 16:51:06 1400 [Note] InnoDB: Mutexes and rw_locks use Windows interlocked functions
2017-08-21 16:51:06 1400 [Note] InnoDB: Compressed tables use zlib 1.2.3
2017-08-21 16:51:06 1400 [Note] InnoDB: Not using CPU crc32 instructions
2017-08-21 16:51:06 1400 [Note] InnoDB: Initializing buffer pool, size = 128.0M
2017-08-21 16:51:06 1400 [Note] InnoDB: Completed initialization of buffer pool
2017-08-21 16:51:06 1400 [Note] InnoDB: Highest supported file format is Barracuda.
2017-08-21 16:51:06 1400 [Note] InnoDB: The log sequence numbers 1626134 and 1626134 in ibdata files do not match the log sequence number 12269561 in the ib_logfiles!
2017-08-21 16:51:06 1400 [Note] InnoDB: Database was not shutdown normally!
2017-08-21 16:51:06 1400 [Note] InnoDB: Starting crash recovery.
2017-08-21 16:51:06 1400 [Note] InnoDB: Reading tablespace information from the .ibd files...
2017-08-21 16:51:06 1400 [Note] InnoDB: Restoring possible half-written data pages 
2017-08-21 16:51:06 1400 [Note] InnoDB: from the doublewrite buffer...
2017-08-21 16:51:07 1400 [Note] InnoDB: 128 rollback segment(s) are active.
2017-08-21 16:51:07 1400 [Note] InnoDB: Waiting for purge to start
2017-08-21 16:51:07 1400 [Note] InnoDB: 5.6.13 started; log sequence number 12269561
2017-08-21 16:51:07 1400 [Note] Server hostname (bind-address): '*'; port: 3307
2017-08-21 16:51:07 1400 [Note] IPv6 is available.
2017-08-21 16:51:07 1400 [Note]   - '::' resolves to '::';
2017-08-21 16:51:07 1400 [Note] Server socket created on IP: '::'.
2017-08-21 16:51:07 1400 [Note] Event Scheduler: Loaded 0 events
2017-08-21 16:51:07 1400 [Note] D:\SOFTWARES\usbw/mysql/bin/mysqld_usbwv8.exe: ready for connections.
Version: '5.6.13'  socket: ''  port: 3307  MySQL Community Server (GPL)
2017-08-21 16:52:38 8200 [Note] Plugin 'FEDERATED' is disabled.
2017-08-21 16:52:38 8200 [Note] InnoDB: The InnoDB memory heap is disabled
2017-08-21 16:52:38 8200 [Note] InnoDB: Mutexes and rw_locks use Windows interlocked functions
2017-08-21 16:52:38 8200 [Note] InnoDB: Compressed tables use zlib 1.2.3
2017-08-21 16:52:38 8200 [Note] InnoDB: Not using CPU crc32 instructions
2017-08-21 16:52:38 8200 [Note] InnoDB: Initializing buffer pool, size = 128.0M
2017-08-21 16:52:38 8200 [Note] InnoDB: Completed initialization of buffer pool
2017-08-21 16:52:38 8200 [Note] InnoDB: Highest supported file format is Barracuda.
2017-08-21 16:52:38 8200 [Note] InnoDB: The log sequence numbers 1626134 and 1626134 in ibdata files do not match the log sequence number 12275386 in the ib_logfiles!
2017-08-21 16:52:38 8200 [Note] InnoDB: Database was not shutdown normally!
2017-08-21 16:52:38 8200 [Note] InnoDB: Starting crash recovery.
2017-08-21 16:52:38 8200 [Note] InnoDB: Reading tablespace information from the .ibd files...
2017-08-21 16:52:38 8200 [Note] InnoDB: Restoring possible half-written data pages 
2017-08-21 16:52:38 8200 [Note] InnoDB: from the doublewrite buffer...
2017-08-21 16:52:39 8200 [Note] InnoDB: 128 rollback segment(s) are active.
2017-08-21 16:52:39 8200 [Note] InnoDB: Waiting for purge to start
2017-08-21 16:52:39 8200 [Note] InnoDB: 5.6.13 started; log sequence number 12275386
2017-08-21 16:52:39 8200 [Note] Server hostname (bind-address): '*'; port: 3307
2017-08-21 16:52:39 8200 [Note] IPv6 is available.
2017-08-21 16:52:39 8200 [Note]   - '::' resolves to '::';
2017-08-21 16:52:39 8200 [Note] Server socket created on IP: '::'.
2017-08-21 16:52:40 8200 [Note] Event Scheduler: Loaded 0 events
2017-08-21 16:52:40 8200 [Note] D:\SOFTWARES\usbw/mysql/bin/mysqld_usbwv8.exe: ready for connections.
Version: '5.6.13'  socket: ''  port: 3307  MySQL Community Server (GPL)
2017-08-21 16:54:41 8324 [Note] Plugin 'FEDERATED' is disabled.
2017-08-21 16:54:41 8324 [Note] InnoDB: The InnoDB memory heap is disabled
2017-08-21 16:54:41 8324 [Note] InnoDB: Mutexes and rw_locks use Windows interlocked functions
2017-08-21 16:54:41 8324 [Note] InnoDB: Compressed tables use zlib 1.2.3
2017-08-21 16:54:41 8324 [Note] InnoDB: Not using CPU crc32 instructions
2017-08-21 16:54:41 8324 [Note] InnoDB: Initializing buffer pool, size = 128.0M
2017-08-21 16:54:41 8324 [Note] InnoDB: Completed initialization of buffer pool
2017-08-21 16:54:41 8324 [Note] InnoDB: Highest supported file format is Barracuda.
2017-08-21 16:54:41 8324 [Note] InnoDB: The log sequence numbers 1626134 and 1626134 in ibdata files do not match the log sequence number 12280180 in the ib_logfiles!
2017-08-21 16:54:41 8324 [Note] InnoDB: Database was not shutdown normally!
2017-08-21 16:54:41 8324 [Note] InnoDB: Starting crash recovery.
2017-08-21 16:54:41 8324 [Note] InnoDB: Reading tablespace information from the .ibd files...
2017-08-21 16:54:41 8324 [Note] InnoDB: Restoring possible half-written data pages 
2017-08-21 16:54:41 8324 [Note] InnoDB: from the doublewrite buffer...
2017-08-21 16:54:42 8324 [Note] InnoDB: 128 rollback segment(s) are active.
2017-08-21 16:54:42 8324 [Note] InnoDB: Waiting for purge to start
2017-08-21 16:54:42 8324 [Note] InnoDB: 5.6.13 started; log sequence number 12280180
2017-08-21 16:54:42 8324 [Note] Server hostname (bind-address): '*'; port: 3307
2017-08-21 16:54:42 8324 [Note] IPv6 is available.
2017-08-21 16:54:42 8324 [Note]   - '::' resolves to '::';
2017-08-21 16:54:42 8324 [Note] Server socket created on IP: '::'.
2017-08-21 16:54:42 8324 [Note] Event Scheduler: Loaded 0 events
2017-08-21 16:54:42 8324 [Note] D:\SOFTWARES\usbw/mysql/bin/mysqld_usbwv8.exe: ready for connections.
Version: '5.6.13'  socket: ''  port: 3307  MySQL Community Server (GPL)
2017-08-21 16:56:14 1240 [Note] Plugin 'FEDERATED' is disabled.
2017-08-21 16:56:14 1240 [Note] InnoDB: The InnoDB memory heap is disabled
2017-08-21 16:56:14 1240 [Note] InnoDB: Mutexes and rw_locks use Windows interlocked functions
2017-08-21 16:56:14 1240 [Note] InnoDB: Compressed tables use zlib 1.2.3
2017-08-21 16:56:14 1240 [Note] InnoDB: Not using CPU crc32 instructions
2017-08-21 16:56:14 1240 [Note] InnoDB: Initializing buffer pool, size = 128.0M
2017-08-21 16:56:14 1240 [Note] InnoDB: Completed initialization of buffer pool
2017-08-21 16:56:14 1240 [Note] InnoDB: Highest supported file format is Barracuda.
2017-08-21 16:56:14 1240 [Note] InnoDB: The log sequence numbers 1626134 and 1626134 in ibdata files do not match the log sequence number 12280652 in the ib_logfiles!
2017-08-21 16:56:14 1240 [Note] InnoDB: Database was not shutdown normally!
2017-08-21 16:56:14 1240 [Note] InnoDB: Starting crash recovery.
2017-08-21 16:56:14 1240 [Note] InnoDB: Reading tablespace information from the .ibd files...
2017-08-21 16:56:14 1240 [Note] InnoDB: Restoring possible half-written data pages 
2017-08-21 16:56:14 1240 [Note] InnoDB: from the doublewrite buffer...
2017-08-21 16:56:15 1240 [Note] InnoDB: 128 rollback segment(s) are active.
2017-08-21 16:56:15 1240 [Note] InnoDB: Waiting for purge to start
2017-08-21 16:56:15 1240 [Note] InnoDB: 5.6.13 started; log sequence number 12280652
2017-08-21 16:56:15 1240 [Note] Server hostname (bind-address): '*'; port: 3307
2017-08-21 16:56:15 1240 [Note] IPv6 is available.
2017-08-21 16:56:15 1240 [Note]   - '::' resolves to '::';
2017-08-21 16:56:15 1240 [Note] Server socket created on IP: '::'.
2017-08-21 16:56:15 1240 [Note] Event Scheduler: Loaded 0 events
2017-08-21 16:56:15 1240 [Note] D:\SOFTWARES\usbw/mysql/bin/mysqld_usbwv8.exe: ready for connections.
Version: '5.6.13'  socket: ''  port: 3307  MySQL Community Server (GPL)
2017-08-21 17:30:27 8636 [Note] Plugin 'FEDERATED' is disabled.
2017-08-21 17:30:27 8636 [Note] InnoDB: The InnoDB memory heap is disabled
2017-08-21 17:30:27 8636 [Note] InnoDB: Mutexes and rw_locks use Windows interlocked functions
2017-08-21 17:30:27 8636 [Note] InnoDB: Compressed tables use zlib 1.2.3
2017-08-21 17:30:27 8636 [Note] InnoDB: Not using CPU crc32 instructions
2017-08-21 17:30:27 8636 [Note] InnoDB: Initializing buffer pool, size = 128.0M
2017-08-21 17:30:27 8636 [Note] InnoDB: Completed initialization of buffer pool
2017-08-21 17:30:27 8636 [Note] InnoDB: Highest supported file format is Barracuda.
2017-08-21 17:30:27 8636 [Note] InnoDB: The log sequence numbers 1626134 and 1626134 in ibdata files do not match the log sequence number 12291459 in the ib_logfiles!
2017-08-21 17:30:27 8636 [Note] InnoDB: Database was not shutdown normally!
2017-08-21 17:30:27 8636 [Note] InnoDB: Starting crash recovery.
2017-08-21 17:30:27 8636 [Note] InnoDB: Reading tablespace information from the .ibd files...
2017-08-21 17:30:27 8636 [Note] InnoDB: Restoring possible half-written data pages 
2017-08-21 17:30:27 8636 [Note] InnoDB: from the doublewrite buffer...
2017-08-21 17:30:28 8636 [Note] InnoDB: 128 rollback segment(s) are active.
2017-08-21 17:30:28 8636 [Note] InnoDB: Waiting for purge to start
2017-08-21 17:30:28 8636 [Note] InnoDB: 5.6.13 started; log sequence number 12291459
2017-08-21 17:30:28 8636 [Note] Server hostname (bind-address): '*'; port: 3307
2017-08-21 17:30:28 8636 [Note] IPv6 is available.
2017-08-21 17:30:28 8636 [Note]   - '::' resolves to '::';
2017-08-21 17:30:28 8636 [Note] Server socket created on IP: '::'.
2017-08-21 17:30:28 8636 [Note] Event Scheduler: Loaded 0 events
2017-08-21 17:30:28 8636 [Note] D:\SOFTWARES\usbw/mysql/bin/mysqld_usbwv8.exe: ready for connections.
Version: '5.6.13'  socket: ''  port: 3307  MySQL Community Server (GPL)
2017-08-21 18:20:10 6904 [Note] Plugin 'FEDERATED' is disabled.
2017-08-21 18:20:10 6904 [Note] InnoDB: The InnoDB memory heap is disabled
2017-08-21 18:20:10 6904 [Note] InnoDB: Mutexes and rw_locks use Windows interlocked functions
2017-08-21 18:20:10 6904 [Note] InnoDB: Compressed tables use zlib 1.2.3
2017-08-21 18:20:10 6904 [Note] InnoDB: Not using CPU crc32 instructions
2017-08-21 18:20:10 6904 [Note] InnoDB: Initializing buffer pool, size = 128.0M
2017-08-21 18:20:10 6904 [Note] InnoDB: Completed initialization of buffer pool
2017-08-21 18:20:10 6904 [Note] InnoDB: Highest supported file format is Barracuda.
2017-08-21 18:20:10 6904 [Note] InnoDB: The log sequence numbers 1626134 and 1626134 in ibdata files do not match the log sequence number 12476039 in the ib_logfiles!
2017-08-21 18:20:10 6904 [Note] InnoDB: Database was not shutdown normally!
2017-08-21 18:20:10 6904 [Note] InnoDB: Starting crash recovery.
2017-08-21 18:20:10 6904 [Note] InnoDB: Reading tablespace information from the .ibd files...
2017-08-21 18:20:10 6904 [Note] InnoDB: Restoring possible half-written data pages 
2017-08-21 18:20:10 6904 [Note] InnoDB: from the doublewrite buffer...
2017-08-21 18:20:11 6904 [Note] InnoDB: 128 rollback segment(s) are active.
2017-08-21 18:20:11 6904 [Note] InnoDB: Waiting for purge to start
2017-08-21 18:20:11 6904 [Note] InnoDB: 5.6.13 started; log sequence number 12476039
2017-08-21 18:20:11 6904 [Note] Server hostname (bind-address): '*'; port: 3307
2017-08-21 18:20:11 6904 [Note] IPv6 is available.
2017-08-21 18:20:11 6904 [Note]   - '::' resolves to '::';
2017-08-21 18:20:11 6904 [Note] Server socket created on IP: '::'.
2017-08-21 18:20:11 6904 [Note] Event Scheduler: Loaded 0 events
2017-08-21 18:20:11 6904 [Note] D:\SOFTWARES\usbw/mysql/bin/mysqld_usbwv8.exe: ready for connections.
Version: '5.6.13'  socket: ''  port: 3307  MySQL Community Server (GPL)
2017-08-22 13:26:29 6728 [Note] Plugin 'FEDERATED' is disabled.
2017-08-22 13:26:29 6728 [Note] InnoDB: The InnoDB memory heap is disabled
2017-08-22 13:26:29 6728 [Note] InnoDB: Mutexes and rw_locks use Windows interlocked functions
2017-08-22 13:26:29 6728 [Note] InnoDB: Compressed tables use zlib 1.2.3
2017-08-22 13:26:29 6728 [Note] InnoDB: Not using CPU crc32 instructions
2017-08-22 13:26:29 6728 [Note] InnoDB: Initializing buffer pool, size = 128.0M
2017-08-22 13:26:29 6728 [Note] InnoDB: Completed initialization of buffer pool
2017-08-22 13:26:29 6728 [Note] InnoDB: Highest supported file format is Barracuda.
2017-08-22 13:26:29 6728 [Note] InnoDB: The log sequence numbers 1626134 and 1626134 in ibdata files do not match the log sequence number 13585593 in the ib_logfiles!
2017-08-22 13:26:29 6728 [Note] InnoDB: Database was not shutdown normally!
2017-08-22 13:26:29 6728 [Note] InnoDB: Starting crash recovery.
2017-08-22 13:26:29 6728 [Note] InnoDB: Reading tablespace information from the .ibd files...
2017-08-22 13:26:29 6728 [Note] InnoDB: Restoring possible half-written data pages 
2017-08-22 13:26:29 6728 [Note] InnoDB: from the doublewrite buffer...
2017-08-22 13:26:30 6728 [Note] InnoDB: 128 rollback segment(s) are active.
2017-08-22 13:26:30 6728 [Note] InnoDB: Waiting for purge to start
2017-08-22 13:26:30 6728 [Note] InnoDB: 5.6.13 started; log sequence number 13585593
2017-08-22 13:26:30 6728 [Note] Server hostname (bind-address): '*'; port: 3307
2017-08-22 13:26:30 6728 [Note] IPv6 is available.
2017-08-22 13:26:30 6728 [Note]   - '::' resolves to '::';
2017-08-22 13:26:30 6728 [Note] Server socket created on IP: '::'.
2017-08-22 13:26:31 6728 [Note] Event Scheduler: Loaded 0 events
2017-08-22 13:26:31 6728 [Note] D:\SOFTWARES\usbw/mysql/bin/mysqld_usbwv8.exe: ready for connections.
Version: '5.6.13'  socket: ''  port: 3307  MySQL Community Server (GPL)
